TN:
SF:..\02-ratelimitter.js
FN:19,logUser
FN:27,requestsLimiter
FNF:2
FNH:2
FNDA:13,logUser
FNDA:13,requestsLimiter
DA:1,1
DA:2,1
DA:3,1
DA:4,1
DA:5,1
DA:6,1
DA:7,1
DA:8,1
DA:9,1
DA:10,1
DA:11,1
DA:12,1
DA:13,1
DA:14,1
DA:15,1
DA:16,2
DA:17,1
DA:18,1
DA:19,13
DA:20,13
DA:21,13
DA:22,11
DA:23,11
DA:24,13
DA:25,13
DA:26,1
DA:27,13
DA:28,13
DA:29,13
DA:30,13
DA:31,13
DA:32,7
DA:33,13
DA:34,6
DA:35,6
DA:36,13
DA:37,1
DA:38,1
DA:39,1
DA:40,1
DA:41,1
DA:42,1
DA:43,1
DA:44,1
DA:45,6
DA:46,1
DA:47,1
DA:48,1
DA:49,0
DA:50,1
DA:51,1
DA:52,1
DA:53,1
DA:54,1
DA:55,1
DA:56,1
LF:56
LH:55
BRDA:15,0,0,2
BRDA:19,1,0,13
BRDA:21,2,0,11
BRDA:27,3,0,13
BRDA:31,4,0,7
BRDA:33,5,0,6
BRDA:44,6,0,6
BRF:7
BRH:7
end_of_record
